0 info it worked if it ends with ok
1 verbose cli [ 'C:\\Program Files\\nodejs\\node.exe',
1 verbose cli   'C:\\Users\\Michael Bartido\\AppData\\Roaming\\npm\\node_modules\\npm\\bin\\npm-cli.js',
1 verbose cli   'run',
1 verbose cli   'test',
1 verbose cli   '--no-cache' ]
2 info using npm@5.5.1
3 info using node@v7.10.0
4 verbose run-script [ 'pretest', 'test', 'posttest' ]
5 info lifecycle publist@1.0.0~pretest: publist@1.0.0
6 info lifecycle publist@1.0.0~test: publist@1.0.0
7 verbose lifecycle publist@1.0.0~test: unsafe-perm in lifecycle true
8 verbose lifecycle publist@1.0.0~test: PATH: C:\Users\Michael Bartido\AppData\Roaming\npm\node_modules\npm\bin\node-gyp-bin;D:\Desktop\publist\node_modules\.bin;D:\Desktop\Code\Python\Python362\Scripts\;D:\Desktop\Code\Python\Python362\;C:\ProgramData\Oracle\Java\javapath;C:\Program Files (x86)\NVIDIA Corporation\PhysX\Common;C:\Windows\system32;C:\Windows;C:\Windows\System32\Wbem;C:\Windows\System32\WindowsPowerShell\v1.0\;C:\Program Files (x86)\ATI Technologies\ATI.ACE\Core-Static;D:\Desktop\School\CMPE 12A\Labs\MPLAB x IDE\bin;C:\Program Files (x86)\Microchip\xc32\v1.40\bin;C:\WINDOWS\system32;C:\WINDOWS;C:\WINDOWS\System32\Wbem;C:\WINDOWS\System32\WindowsPowerShell\v1.0\;C:\WINDOWS\SysWOW64\WindowsPowerShell\v1.0\Modules\TShell\TShell\;D:\Desktop\Code\Python\Anaconda2;D:\Desktop\Code\Python\Anaconda2\Scripts;D:\Desktop\Code\Python\Anaconda2\Library\bin;C:\Program Files (x86)\Skype\Phone\;C:\Program Files\nodejs\;C:\Program Files (x86)\Windows Kits\8.1\Windows Performance Toolkit\;C:\Program Files\Git\cmd;C:\WINDOWS\System32\OpenSSH\;C:\Program Files\Microsoft VS Code\bin;C:\Users\Michael Bartido\AppData\Local\atom\bin;C:\Users\Michael Bartido\AppData\Local\Microsoft\WindowsApps;C:\Users\Michael Bartido\AppData\Roaming\npm;C:\Program Files\Microsoft VS Code\bin;
9 verbose lifecycle publist@1.0.0~test: CWD: D:\Desktop\publist
10 silly lifecycle publist@1.0.0~test: Args: [ '/d /s /c', 'SET NODE_ENV=test & jest' ]
11 silly lifecycle publist@1.0.0~test: Returned: code: 1  signal: null
12 info lifecycle publist@1.0.0~test: Failed to exec test script
13 verbose stack Error: publist@1.0.0 test: `SET NODE_ENV=test & jest`
13 verbose stack Exit status 1
13 verbose stack     at EventEmitter.<anonymous> (C:\Users\Michael Bartido\AppData\Roaming\npm\node_modules\npm\node_modules\npm-lifecycle\index.js:280:16)
13 verbose stack     at emitTwo (events.js:106:13)
13 verbose stack     at EventEmitter.emit (events.js:194:7)
13 verbose stack     at ChildProcess.<anonymous> (C:\Users\Michael Bartido\AppData\Roaming\npm\node_modules\npm\node_modules\npm-lifecycle\lib\spawn.js:55:14)
13 verbose stack     at emitTwo (events.js:106:13)
13 verbose stack     at ChildProcess.emit (events.js:194:7)
13 verbose stack     at maybeClose (internal/child_process.js:899:16)
13 verbose stack     at Process.ChildProcess._handle.onexit (internal/child_process.js:226:5)
14 verbose pkgid publist@1.0.0
15 verbose cwd D:\Desktop\publist
16 verbose Windows_NT 10.0.17134
17 verbose argv "C:\\Program Files\\nodejs\\node.exe" "C:\\Users\\Michael Bartido\\AppData\\Roaming\\npm\\node_modules\\npm\\bin\\npm-cli.js" "run" "test" "--no-cache"
18 verbose node v7.10.0
19 verbose npm  v5.5.1
20 error code ELIFECYCLE
21 error errno 1
22 error publist@1.0.0 test: `SET NODE_ENV=test & jest`
22 error Exit status 1
23 error Failed at the publist@1.0.0 test script.
23 error This is probably not a problem with npm. There is likely additional logging output above.
24 verbose exit [ 1, true ]
